<?xml version="1.0" encoding="UTF-8"?>
<testng-results ignored="0" total="1" passed="1" failed="0" skipped="0">
  <reporter-output>
  </reporter-output>
  <suite started-at="2019-11-20T17:46:10 IST" name="Default suite" finished-at="2019-11-20T17:46:34 IST" duration-ms="23632">
    <groups>
    </groups>
    <test started-at="2019-11-20T17:46:10 IST" name="Default test" finished-at="2019-11-20T17:46:34 IST" duration-ms="23632">
      <class name="com.automation.Mysql">
        <test-method signature="init()[pri:0, instance:com.automation.Mysql@4c1d9d4b]" started-at="2019-11-20T17:46:11 IST" name="init" finished-at="2019-11-20T17:46:34 IST" duration-ms="23599" status="PASS">
          <reporter-output>
          </reporter-output>
        </test-method> <!-- init -->
      </class> <!-- com.automation.Mysql -->
    </test> <!-- Default test -->
  </suite> <!-- Default suite -->
</testng-results>
